# JRE version: OpenJDK Runtime Environment Temurin-17.0.7+7 (17.0.7+7) (build 17.0.7+7)
# Java VM: OpenJDK 64-Bit Server VM Temurin-17.0.7+7 (17.0.7+7, mixed mode, emulated-client, tiered, compressed oops, compressed class ptrs, g1 gc, linux-amd64)
GC Precious Log:
 CPUs: 20 total, 20 available
 Memory: 63979M
 Large Page Support: Disabled
 NUMA Support: Disabled
 Compressed Oops: Enabled (Zero based)
 Heap Region Size: 8M
 Heap Min Capacity: 8M
 Heap Initial Capacity: 1000M
 Heap Max Capacity: 16000M
 Pre-touch: Disabled
 Parallel Workers: 15
 Concurrent Workers: 4
 Concurrent Refinement Workers: 15
 Periodic GC: Disabled
Heap:
 garbage-first heap   total 57344K, used 21607K [0x0000000418000000, 0x0000000800000000)
  region size 8192K, 2 young (16384K), 1 survivors (8192K)
 Metaspace       used 37390K, committed 38016K, reserved 1114112K
  class space    used 4711K, committed 4992K, reserved 1048576K
GC Heap History (20 events):
Event: 143,902 GC heap after
{Heap after GC invocations=10 (full 2):
 garbage-first heap   total 57344K, used 12111K [0x0000000418000000, 0x0000000800000000)
  region size 8192K, 0 young (0K), 0 survivors (0K)
 Metaspace       used 37394K, committed 38016K, reserved 1114112K
  class space    used 4716K, committed 4992K, reserved 1048576K
}
Event: 143,976 GC heap before
{Heap before GC invocations=10 (full 2):
 garbage-first heap   total 57344K, used 36687K [0x0000000418000000, 0x0000000800000000)
  region size 8192K, 3 young (24576K), 0 survivors (0K)
 Metaspace       used 37406K, committed 38016K, reserved 1114112K
  class space    used 4718K, committed 4992K, reserved 1048576K
}
Event: 143,977 GC heap after
{Heap after GC invocations=11 (full 2):
 garbage-first heap   total 57344K, used 14588K [0x0000000418000000, 0x0000000800000000)
  region size 8192K, 1 young (8192K), 1 survivors (8192K)
 Metaspace       used 37406K, committed 38016K, reserved 1114112K
  class space    used 4718K, committed 4992K, reserved 1048576K
}
Event: 290,470 GC heap before
{Heap before GC invocations=11 (full 2):
 garbage-first heap   total 57344K, used 14588K [0x0000000418000000, 0x0000000800000000)
  region size 8192K, 2 young (16384K), 1 survivors (8192K)
 Metaspace       used 37409K, committed 38016K, reserved 1114112K
  class space    used 4719K, committed 4992K, reserved 1048576K
}
Event: 290,493 GC heap after
{Heap after GC invocations=12 (full 3):
 garbage-first heap   total 57344K, used 11973K [0x0000000418000000, 0x0000000800000000)
  region size 8192K, 0 young (0K), 0 survivors (0K)
 Metaspace       used 37316K, committed 38016K, reserved 1114112K
  class space    used 4696K, committed 4992K, reserved 1048576K
}
Event: 290,561 GC heap before
{Heap before GC invocations=12 (full 3):
 garbage-first heap   total 57344K, used 36549K [0x0000000418000000, 0x0000000800000000)
  region size 8192K, 3 young (24576K), 0 survivors (0K)
 Metaspace       used 37344K, committed 38016K, reserved 1114112K
  class space    used 4701K, committed 4992K, reserved 1048576K
}
Event: 290,562 GC heap after
{Heap after GC invocations=13 (full 3):
 garbage-first heap   total 57344K, used 14373K [0x0000000418000000, 0x0000000800000000)
  region size 8192K, 1 young (8192K), 1 survivors (8192K)
 Metaspace       used 37344K, committed 38016K, reserved 1114112K
  class space    used 4701K, committed 4992K, reserved 1048576K
}
Event: 947,362 GC heap before
{Heap before GC invocations=13 (full 3):
 garbage-first heap   total 57344K, used 22565K [0x0000000418000000, 0x0000000800000000)
  region size 8192K, 3 young (24576K), 1 survivors (8192K)
 Metaspace       used 37357K, committed 38016K, reserved 1114112K
  class space    used 4703K, committed 4992K, reserved 1048576K
}
Event: 947,390 GC heap after
{Heap after GC invocations=14 (full 4):
 garbage-first heap   total 57344K, used 11987K [0x0000000418000000, 0x0000000800000000)
  region size 8192K, 0 young (0K), 0 survivors (0K)
 Metaspace       used 37346K, committed 38016K, reserved 1114112K
  class space    used 4701K, committed 4992K, reserved 1048576K
}
Event: 947,453 GC heap before
{Heap before GC invocations=14 (full 4):
 garbage-first heap   total 57344K, used 36563K [0x0000000418000000, 0x0000000800000000)
  region size 8192K, 3 young (24576K), 0 survivors (0K)
 Metaspace       used 37355K, committed 38016K, reserved 1114112K
  class space    used 4703K, committed 4992K, reserved 1048576K
}
Event: 947,453 GC heap after
{Heap after GC invocations=15 (full 4):
 garbage-first heap   total 57344K, used 14292K [0x0000000418000000, 0x0000000800000000)
  region size 8192K, 1 young (8192K), 1 survivors (8192K)
 Metaspace       used 37355K, committed 38016K, reserved 1114112K
  class space    used 4703K, committed 4992K, reserved 1048576K
}
Event: 1094,951 GC heap before
{Heap before GC invocations=15 (full 4):
 garbage-first heap   total 57344K, used 14292K [0x0000000418000000, 0x0000000800000000)
  region size 8192K, 2 young (16384K), 1 survivors (8192K)
 Metaspace       used 37357K, committed 38016K, reserved 1114112K
  class space    used 4703K, committed 4992K, reserved 1048576K
}
Event: 1094,978 GC heap after
{Heap after GC invocations=16 (full 5):
 garbage-first heap   total 57344K, used 12228K [0x0000000418000000, 0x0000000800000000)
  region size 8192K, 0 young (0K), 0 survivors (0K)
 Metaspace       used 37346K, committed 38016K, reserved 1114112K
  class space    used 4701K, committed 4992K, reserved 1048576K
}
Event: 1095,040 GC heap before
{Heap before GC invocations=16 (full 5):
 garbage-first heap   total 57344K, used 36804K [0x0000000418000000, 0x0000000800000000)
  region size 8192K, 3 young (24576K), 0 survivors (0K)
 Metaspace       used 37386K, committed 38016K, reserved 1114112K
  class space    used 4710K, committed 4992K, reserved 1048576K
}
Event: 1095,040 GC heap after
{Heap after GC invocations=17 (full 5):
 garbage-first heap   total 57344K, used 14591K [0x0000000418000000, 0x0000000800000000)
  region size 8192K, 1 young (8192K), 1 survivors (8192K)
 Metaspace       used 37386K, committed 38016K, reserved 1114112K
  class space    used 4710K, committed 4992K, reserved 1048576K
}
Event: 1217,522 GC heap before
{Heap before GC invocations=17 (full 5):
 garbage-first heap   total 57344K, used 14591K [0x0000000418000000, 0x0000000800000000)
  region size 8192K, 2 young (16384K), 1 survivors (8192K)
 Metaspace       used 37389K, committed 38016K, reserved 1114112K
  class space    used 4710K, committed 4992K, reserved 1048576K
}
Event: 1217,550 GC heap after
{Heap after GC invocations=18 (full 6):
 garbage-first heap   total 57344K, used 12130K [0x0000000418000000, 0x0000000800000000)
  region size 8192K, 0 young (0K), 0 survivors (0K)
 Metaspace       used 37377K, committed 38016K, reserved 1114112K
  class space    used 4708K, committed 4992K, reserved 1048576K
}
Event: 1217,614 GC heap before
{Heap before GC invocations=18 (full 6):
 garbage-first heap   total 57344K, used 36706K [0x0000000418000000, 0x0000000800000000)
  region size 8192K, 3 young (24576K), 0 survivors (0K)
 Metaspace       used 37387K, committed 38016K, reserved 1114112K
  class space    used 4711K, committed 4992K, reserved 1048576K
}
Event: 1217,615 GC heap after
{Heap after GC invocations=19 (full 6):
 garbage-first heap   total 57344K, used 14423K [0x0000000418000000, 0x0000000800000000)
  region size 8192K, 1 young (8192K), 1 survivors (8192K)
 Metaspace       used 37387K, committed 38016K, reserved 1114112K
  class space    used 4711K, committed 4992K, reserved 1048576K
}
Event: 1504,192 GC heap before
{Heap before GC invocations=19 (full 6):
 garbage-first heap   total 57344K, used 14423K [0x0000000418000000, 0x0000000800000000)
  region size 8192K, 2 young (16384K), 1 survivors (8192K)
 Metaspace       used 37390K, committed 38016K, reserved 1114112K
  class space    used 4711K, committed 4992K, reserved 1048576K
}

